0 info it worked if it ends with ok
1 verbose cli [ 'node', '/usr/local/bin/npm', 'run', 'test' ]
2 info using npm@2.5.1
3 info using node@v0.12.0
4 verbose node symlink /usr/local/bin/node
5 verbose run-script [ 'pretest', 'test', 'posttest' ]
6 info pretest pinpoint-api-test@1.0.0
7 info test pinpoint-api-test@1.0.0
8 verbose unsafe-perm in lifecycle true
9 info pinpoint-api-test@1.0.0 Failed to exec test script
10 verbose stack Error: pinpoint-api-test@1.0.0 test: `echo "Error: no test specified" && exit 1`
10 verbose stack Exit status 1
10 verbose stack     at EventEmitter.<anonymous> (/usr/local/lib/node_modules/npm/lib/utils/lifecycle.js:213:16)
10 verbose stack     at EventEmitter.emit (events.js:110:17)
10 verbose stack     at ChildProcess.<anonymous> (/usr/local/lib/node_modules/npm/lib/utils/spawn.js:14:12)
10 verbose stack     at ChildProcess.emit (events.js:110:17)
10 verbose stack     at maybeClose (child_process.js:1008:16)
10 verbose stack     at Process.ChildProcess._handle.onexit (child_process.js:1080:5)
11 verbose pkgid pinpoint-api-test@1.0.0
12 verbose cwd /private/var/www/pinpoint-api-test
13 error Darwin 14.1.0
14 error argv "node" "/usr/local/bin/npm" "run" "test"
15 error node v0.12.0
16 error npm  v2.5.1
17 error code ELIFECYCLE
18 error pinpoint-api-test@1.0.0 test: `echo "Error: no test specified" && exit 1`
18 error Exit status 1
19 error Failed at the pinpoint-api-test@1.0.0 test script 'echo "Error: no test specified" && exit 1'.
19 error This is most likely a problem with the pinpoint-api-test package,
19 error not with npm itself.
19 error Tell the author that this fails on your system:
19 error     echo "Error: no test specified" && exit 1
19 error You can get their info via:
19 error     npm owner ls pinpoint-api-test
19 error There is likely additional logging output above.
20 verbose exit [ 1, true ]
